# JRE version: Java(TM) SE Runtime Environment (8.0_401) (build 1.8.0_401-b10)
# Java VM: Java HotSpot(TM) 64-Bit Server VM (25.401-b10 mixed mode windows-amd64 compressed oops)
Heap:
 PSYoungGen      total 136704K, used 10001K [0x000000076b980000, 0x0000000775c00000, 0x00000007c0000000)
  eden space 127488K, 7% used [0x000000076b980000,0x000000076c344788,0x0000000773600000)
  from space 9216K, 0% used [0x0000000775300000,0x0000000775300000,0x0000000775c00000)
  to   space 11776K, 0% used [0x0000000774500000,0x0000000774500000,0x0000000775080000)
 ParOldGen       total 173056K, used 20292K [0x00000006c2c00000, 0x00000006cd500000, 0x000000076b980000)
  object space 173056K, 11% used [0x00000006c2c00000,0x00000006c3fd1088,0x00000006cd500000)
 Metaspace       used 42458K, capacity 45154K, committed 45312K, reserved 1091584K
  class space    used 5636K, capacity 6104K, committed 6144K, reserved 1048576K
GC Heap History (10 events):
Event: 2.018 GC heap before
{Heap before GC invocations=5 (full 1):
 PSYoungGen      total 75776K, used 73385K [0x000000076b980000, 0x0000000772b80000, 0x00000007c0000000)
  eden space 65024K, 100% used [0x000000076b980000,0x000000076f900000,0x000000076f900000)
  from space 10752K, 77% used [0x000000076f900000,0x000000077012a6a0,0x0000000770380000)
  to   space 10752K, 0% used [0x0000000772100000,0x0000000772100000,0x0000000772b80000)
 ParOldGen       total 111104K, used 11182K [0x00000006c2c00000, 0x00000006c9880000, 0x000000076b980000)
  object space 111104K, 10% used [0x00000006c2c00000,0x00000006c36eb828,0x00000006c9880000)
 Metaspace       used 31235K, capacity 33220K, committed 33280K, reserved 1077248K
  class space    used 4219K, capacity 4590K, committed 4608K, reserved 1048576K
Event: 2.025 GC heap after
Heap after GC invocations=5 (full 1):
 PSYoungGen      total 105984K, used 7781K [0x000000076b980000, 0x0000000772d00000, 0x00000007c0000000)
  eden space 95232K, 0% used [0x000000076b980000,0x000000076b980000,0x0000000771680000)
  from space 10752K, 72% used [0x0000000772100000,0x0000000772899768,0x0000000772b80000)
  to   space 10752K, 0% used [0x0000000771680000,0x0000000771680000,0x0000000772100000)
 ParOldGen       total 111104K, used 11254K [0x00000006c2c00000, 0x00000006c9880000, 0x000000076b980000)
  object space 111104K, 10% used [0x00000006c2c00000,0x00000006c36fd838,0x00000006c9880000)
 Metaspace       used 31235K, capacity 33220K, committed 33280K, reserved 1077248K
  class space    used 4219K, capacity 4590K, committed 4608K, reserved 1048576K
}
Event: 2.209 GC heap before
{Heap before GC invocations=6 (full 1):
 PSYoungGen      total 105984K, used 47791K [0x000000076b980000, 0x0000000772d00000, 0x00000007c0000000)
  eden space 95232K, 42% used [0x000000076b980000,0x000000076e0927d8,0x0000000771680000)
  from space 10752K, 72% used [0x0000000772100000,0x0000000772899768,0x0000000772b80000)
  to   space 10752K, 0% used [0x0000000771680000,0x0000000771680000,0x0000000772100000)
 ParOldGen       total 111104K, used 11254K [0x00000006c2c00000, 0x00000006c9880000, 0x000000076b980000)
  object space 111104K, 10% used [0x00000006c2c00000,0x00000006c36fd838,0x00000006c9880000)
 Metaspace       used 33095K, capacity 35348K, committed 35496K, reserved 1079296K
  class space    used 4464K, capacity 4874K, committed 4992K, reserved 1048576K
Event: 2.215 GC heap after
Heap after GC invocations=6 (full 1):
 PSYoungGen      total 105984K, used 8594K [0x000000076b980000, 0x0000000775f00000, 0x00000007c0000000)
  eden space 95232K, 0% used [0x000000076b980000,0x000000076b980000,0x0000000771680000)
  from space 10752K, 79% used [0x0000000771680000,0x0000000771ee4848,0x0000000772100000)
  to   space 12288K, 0% used [0x0000000775300000,0x0000000775300000,0x0000000775f00000)
 ParOldGen       total 111104K, used 11262K [0x00000006c2c00000, 0x00000006c9880000, 0x000000076b980000)
  object space 111104K, 10% used [0x00000006c2c00000,0x00000006c36ff838,0x00000006c9880000)
 Metaspace       used 33095K, capacity 35348K, committed 35496K, reserved 1079296K
  class space    used 4464K, capacity 4874K, committed 4992K, reserved 1048576K
}
Event: 2.215 GC heap before
{Heap before GC invocations=7 (full 2):
 PSYoungGen      total 105984K, used 8594K [0x000000076b980000, 0x0000000775f00000, 0x00000007c0000000)
  eden space 95232K, 0% used [0x000000076b980000,0x000000076b980000,0x0000000771680000)
  from space 10752K, 79% used [0x0000000771680000,0x0000000771ee4848,0x0000000772100000)
  to   space 12288K, 0% used [0x0000000775300000,0x0000000775300000,0x0000000775f00000)
 ParOldGen       total 111104K, used 11262K [0x00000006c2c00000, 0x00000006c9880000, 0x000000076b980000)
  object space 111104K, 10% used [0x00000006c2c00000,0x00000006c36ff838,0x00000006c9880000)
 Metaspace       used 33095K, capacity 35348K, committed 35496K, reserved 1079296K
  class space    used 4464K, capacity 4874K, committed 4992K, reserved 1048576K
Event: 2.259 GC heap after
Heap after GC invocations=7 (full 2):
 PSYoungGen      total 105984K, used 0K [0x000000076b980000, 0x0000000775f00000, 0x00000007c0000000)
  eden space 95232K, 0% used [0x000000076b980000,0x000000076b980000,0x0000000771680000)
  from space 10752K, 0% used [0x0000000771680000,0x0000000771680000,0x0000000772100000)
  to   space 12288K, 0% used [0x0000000775300000,0x0000000775300000,0x0000000775f00000)
 ParOldGen       total 173056K, used 14251K [0x00000006c2c00000, 0x00000006cd500000, 0x000000076b980000)
  object space 173056K, 8% used [0x00000006c2c00000,0x00000006c39eac70,0x00000006cd500000)
 Metaspace       used 33095K, capacity 35348K, committed 35496K, reserved 1079296K
  class space    used 4464K, capacity 4874K, committed 4992K, reserved 1048576K
}
Event: 9.192 GC heap before
{Heap before GC invocations=8 (full 2):
 PSYoungGen      total 105984K, used 63590K [0x000000076b980000, 0x0000000775f00000, 0x00000007c0000000)
  eden space 95232K, 66% used [0x000000076b980000,0x000000076f799b68,0x0000000771680000)
  from space 10752K, 0% used [0x0000000771680000,0x0000000771680000,0x0000000772100000)
  to   space 12288K, 0% used [0x0000000775300000,0x0000000775300000,0x0000000775f00000)
 ParOldGen       total 173056K, used 14251K [0x00000006c2c00000, 0x00000006cd500000, 0x000000076b980000)
  object space 173056K, 8% used [0x00000006c2c00000,0x00000006c39eac70,0x00000006cd500000)
 Metaspace       used 41409K, capacity 44064K, committed 44160K, reserved 1093632K
  class space    used 5521K, capacity 6001K, committed 6016K, reserved 1048576K
Event: 9.199 GC heap after
Heap after GC invocations=8 (full 2):
 PSYoungGen      total 136704K, used 9167K [0x000000076b980000, 0x0000000775c00000, 0x00000007c0000000)
  eden space 127488K, 0% used [0x000000076b980000,0x000000076b980000,0x0000000773600000)
  from space 9216K, 99% used [0x0000000775300000,0x0000000775bf3ed8,0x0000000775c00000)
  to   space 11776K, 0% used [0x0000000774500000,0x0000000774500000,0x0000000775080000)
 ParOldGen       total 173056K, used 14267K [0x00000006c2c00000, 0x00000006cd500000, 0x000000076b980000)
  object space 173056K, 8% used [0x00000006c2c00000,0x00000006c39eec70,0x00000006cd500000)
 Metaspace       used 41409K, capacity 44064K, committed 44160K, reserved 1093632K
  class space    used 5521K, capacity 6001K, committed 6016K, reserved 1048576K
}
Event: 9.199 GC heap before
{Heap before GC invocations=9 (full 3):
 PSYoungGen      total 136704K, used 9167K [0x000000076b980000, 0x0000000775c00000, 0x00000007c0000000)
  eden space 127488K, 0% used [0x000000076b980000,0x000000076b980000,0x0000000773600000)
  from space 9216K, 99% used [0x0000000775300000,0x0000000775bf3ed8,0x0000000775c00000)
  to   space 11776K, 0% used [0x0000000774500000,0x0000000774500000,0x0000000775080000)
 ParOldGen       total 173056K, used 14267K [0x00000006c2c00000, 0x00000006cd500000, 0x000000076b980000)
  object space 173056K, 8% used [0x00000006c2c00000,0x00000006c39eec70,0x00000006cd500000)
 Metaspace       used 41409K, capacity 44064K, committed 44160K, reserved 1093632K
  class space    used 5521K, capacity 6001K, committed 6016K, reserved 1048576K
Event: 9.292 GC heap after
Heap after GC invocations=9 (full 3):
 PSYoungGen      total 136704K, used 0K [0x000000076b980000, 0x0000000775c00000, 0x00000007c0000000)
  eden space 127488K, 0% used [0x000000076b980000,0x000000076b980000,0x0000000773600000)
  from space 9216K, 0% used [0x0000000775300000,0x0000000775300000,0x0000000775c00000)
  to   space 11776K, 0% used [0x0000000774500000,0x0000000774500000,0x0000000775080000)
 ParOldGen       total 173056K, used 20292K [0x00000006c2c00000, 0x00000006cd500000, 0x000000076b980000)
  object space 173056K, 11% used [0x00000006c2c00000,0x00000006c3fd1088,0x00000006cd500000)
 Metaspace       used 41409K, capacity 44064K, committed 44160K, reserved 1091584K
  class space    used 5521K, capacity 6001K, committed 6016K, reserved 1048576K
}

